----------------------------------------------------------------
Fri Jul 14 18:26:12 CEST 2023:
Booting Derby version The Apache Software Foundation - Apache Derby - 10.15.2.0 - (1873585): instance a816c00e-0189-5539-640f-00000728fb98 
on database directory /Users/emreakdag/Desktop/ILS/JAVA16D - Example/adressenDB with class loader jdk.internal.loader.ClassLoaders$AppClassLoader@7ad041f3 
Loaded from file:/Users/emreakdag/Desktop/ILS/JAVA16D/db-derby-10.15.2.0-bin/lib/derby.jar
java.vendor=Amazon.com Inc.
java.runtime.version=16.0.2+7
user.dir=/Users/emreakdag/Desktop/ILS/JAVA16D - Example
os.name=Mac OS X
os.arch=x86_64
os.version=13.0.1
derby.system.home=null
Database Class Loader started - derby.database.classpath=''
Fri Jul 14 18:26:44 CEST 2023 Thread[AWT-EventQueue-0,6,main] Cleanup action starting
java.sql.SQLException: Database 'adressenDBadressenDB' not found.
	at org.apache.derby.impl.jdbc.SQLExceptionFactory.getSQLException(SQLExceptionFactory.java:115)
	at org.apache.derby.impl.jdbc.SQLExceptionFactory.getSQLException(SQLExceptionFactory.java:141)
	at org.apache.derby.impl.jdbc.Util.generateCsSQLException(Util.java:225)
	at org.apache.derby.impl.jdbc.Util.generateCsSQLException(Util.java:220)
	at org.apache.derby.impl.jdbc.EmbedConnection.newSQLException(EmbedConnection.java:3215)
	at org.apache.derby.impl.jdbc.EmbedConnection.handleDBNotFound(EmbedConnection.java:772)
	at org.apache.derby.impl.jdbc.EmbedConnection.<init>(EmbedConnection.java:442)
	at org.apache.derby.iapi.jdbc.InternalDriver$1.run(InternalDriver.java:660)
	at org.apache.derby.iapi.jdbc.InternalDriver$1.run(InternalDriver.java:656)
	at java.base/java.security.AccessController.doPrivileged(AccessController.java:554)
	at org.apache.derby.iapi.jdbc.InternalDriver.getNewEmbedConnection(InternalDriver.java:654)
	at org.apache.derby.iapi.jdbc.InternalDriver.connect(InternalDriver.java:300)
	at org.apache.derby.iapi.jdbc.InternalDriver.connect(InternalDriver.java:967)
	at org.apache.derby.iapi.jdbc.AutoloadedDriver.connect(AutoloadedDriver.java:136)
	at java.sql/java.sql.DriverManager.getConnection(DriverManager.java:677)
	at java.sql/java.sql.DriverManager.getConnection(DriverManager.java:251)
	at MiniDBTools.schliessenDB(MiniDBTools.java:51)
	at BearbeitenEintrag$FensterListener.windowClosing(BearbeitenEintrag.java:85)
	at java.desktop/java.awt.AWTEventMulticaster.windowClosing(AWTEventMulticaster.java:357)
	at java.desktop/java.awt.AWTEventMulticaster.windowClosing(AWTEventMulticaster.java:357)
	at java.desktop/java.awt.Window.processWindowEvent(Window.java:2079)
	at java.desktop/javax.swing.JDialog.processWindowEvent(JDialog.java:686)
	at java.desktop/java.awt.Window.processEvent(Window.java:2038)
	at java.desktop/java.awt.Component.dispatchEventImpl(Component.java:4993)
	at java.desktop/java.awt.Container.dispatchEventImpl(Container.java:2322)
	at java.desktop/java.awt.Window.dispatchEventImpl(Window.java:2773)
	at java.desktop/java.awt.Component.dispatchEvent(Component.java:4825)
	at java.desktop/java.awt.EventQueue.dispatchEventImpl(EventQueue.java:772)
	at java.desktop/java.awt.EventQueue$4.run(EventQueue.java:721)
	at java.desktop/java.awt.EventQueue$4.run(EventQueue.java:715)
	at java.base/java.security.AccessController.doPrivileged(AccessController.java:391)
	at java.base/java.security.ProtectionDomain$JavaSecurityAccessImpl.doIntersectionPrivilege(ProtectionDomain.java:85)
	at java.base/java.security.ProtectionDomain$JavaSecurityAccessImpl.doIntersectionPrivilege(ProtectionDomain.java:95)
	at java.desktop/java.awt.EventQueue$5.run(EventQueue.java:745)
	at java.desktop/java.awt.EventQueue$5.run(EventQueue.java:743)
	at java.base/java.security.AccessController.doPrivileged(AccessController.java:391)
	at java.base/java.security.ProtectionDomain$JavaSecurityAccessImpl.doIntersectionPrivilege(ProtectionDomain.java:85)
	at java.desktop/java.awt.EventQueue.dispatchEvent(EventQueue.java:742)
	at java.desktop/java.awt.EventDispatchThread.pumpOneEventForFilters(EventDispatchThread.java:203)
	at java.desktop/java.awt.EventDispatchThread.pumpEventsForFilter(EventDispatchThread.java:124)
	at java.desktop/java.awt.EventDispatchThread.pumpEventsForFilter(EventDispatchThread.java:117)
	at java.desktop/java.awt.WaitDispatchSupport$2.run(WaitDispatchSupport.java:190)
	at java.desktop/java.awt.WaitDispatchSupport$4.run(WaitDispatchSupport.java:235)
	at java.desktop/java.awt.WaitDispatchSupport$4.run(WaitDispatchSupport.java:233)
	at java.base/java.security.AccessController.doPrivileged(AccessController.java:312)
	at java.desktop/java.awt.WaitDispatchSupport.enter(WaitDispatchSupport.java:233)
	at java.desktop/java.awt.Dialog.show(Dialog.java:1079)
	at java.desktop/java.awt.Component.show(Component.java:1720)
	at java.desktop/java.awt.Component.setVisible(Component.java:1667)
	at java.desktop/java.awt.Window.setVisible(Window.java:1032)
	at java.desktop/java.awt.Dialog.setVisible(Dialog.java:1014)
	at BearbeitenEintrag.<init>(BearbeitenEintrag.java:153)
	at MiniDBStart.anzeigeEinzel(MiniDBStart.java:76)
	at MiniDBStart$MeinListener.actionPerformed(MiniDBStart.java:25)
	at java.desktop/javax.swing.AbstractButton.fireActionPerformed(AbstractButton.java:1972)
	at java.desktop/javax.swing.AbstractButton$Handler.actionPerformed(AbstractButton.java:2313)
	at java.desktop/javax.swing.DefaultButtonModel.fireActionPerformed(DefaultButtonModel.java:405)
	at java.desktop/javax.swing.DefaultButtonModel.setPressed(DefaultButtonModel.java:262)
	at java.desktop/javax.swing.plaf.basic.BasicButtonListener.mouseReleased(BasicButtonListener.java:279)
	at java.desktop/java.awt.Component.processMouseEvent(Component.java:6617)
	at java.desktop/javax.swing.JComponent.processMouseEvent(JComponent.java:3342)
	at java.desktop/java.awt.Component.processEvent(Component.java:6382)
	at java.desktop/java.awt.Container.processEvent(Container.java:2264)
	at java.desktop/java.awt.Component.dispatchEventImpl(Component.java:4993)
	at java.desktop/java.awt.Container.dispatchEventImpl(Container.java:2322)
	at java.desktop/java.awt.Component.dispatchEvent(Component.java:4825)
	at java.desktop/java.awt.LightweightDispatcher.retargetMouseEvent(Container.java:4934)
	at java.desktop/java.awt.LightweightDispatcher.processMouseEvent(Container.java:4563)
	at java.desktop/java.awt.LightweightDispatcher.dispatchEvent(Container.java:4504)
	at java.desktop/java.awt.Container.dispatchEventImpl(Container.java:2308)
	at java.desktop/java.awt.Window.dispatchEventImpl(Window.java:2773)
	at java.desktop/java.awt.Component.dispatchEvent(Component.java:4825)
	at java.desktop/java.awt.EventQueue.dispatchEventImpl(EventQueue.java:772)
	at java.desktop/java.awt.EventQueue$4.run(EventQueue.java:721)
	at java.desktop/java.awt.EventQueue$4.run(EventQueue.java:715)
	at java.base/java.security.AccessController.doPrivileged(AccessController.java:391)
	at java.base/java.security.ProtectionDomain$JavaSecurityAccessImpl.doIntersectionPrivilege(ProtectionDomain.java:85)
	at java.base/java.security.ProtectionDomain$JavaSecurityAccessImpl.doIntersectionPrivilege(ProtectionDomain.java:95)
	at java.desktop/java.awt.EventQueue$5.run(EventQueue.java:745)
	at java.desktop/java.awt.EventQueue$5.run(EventQueue.java:743)
	at java.base/java.security.AccessController.doPrivileged(AccessController.java:391)
	at java.base/java.security.ProtectionDomain$JavaSecurityAccessImpl.doIntersectionPrivilege(ProtectionDomain.java:85)
	at java.desktop/java.awt.EventQueue.dispatchEvent(EventQueue.java:742)
	at java.desktop/java.awt.EventDispatchThread.pumpOneEventForFilters(EventDispatchThread.java:203)
	at java.desktop/java.awt.EventDispatchThread.pumpEventsForFilter(EventDispatchThread.java:124)
	at java.desktop/java.awt.EventDispatchThread.pumpEventsForHierarchy(EventDispatchThread.java:113)
	at java.desktop/java.awt.EventDispatchThread.pumpEvents(EventDispatchThread.java:109)
	at java.desktop/java.awt.EventDispatchThread.pumpEvents(EventDispatchThread.java:101)
	at java.desktop/java.awt.EventDispatchThread.run(EventDispatchThread.java:90)
Caused by: ERROR XJ004: Database 'adressenDBadressenDB' not found.
	at org.apache.derby.shared.common.error.StandardException.newException(StandardException.java:300)
	at org.apache.derby.impl.jdbc.SQLExceptionFactory.wrapArgsForTransportAcrossDRDA(SQLExceptionFactory.java:170)
	at org.apache.derby.impl.jdbc.SQLExceptionFactory.getSQLException(SQLExceptionFactory.java:75)
	... 88 more
============= begin nested exception, level (1) ===========
ERROR XJ004: Database 'adressenDBadressenDB' not found.
	at org.apache.derby.shared.common.error.StandardException.newException(StandardException.java:300)
	at org.apache.derby.impl.jdbc.SQLExceptionFactory.wrapArgsForTransportAcrossDRDA(SQLExceptionFactory.java:170)
	at org.apache.derby.impl.jdbc.SQLExceptionFactory.getSQLException(SQLExceptionFactory.java:75)
	at org.apache.derby.impl.jdbc.SQLExceptionFactory.getSQLException(SQLExceptionFactory.java:141)
	at org.apache.derby.impl.jdbc.Util.generateCsSQLException(Util.java:225)
	at org.apache.derby.impl.jdbc.Util.generateCsSQLException(Util.java:220)
	at org.apache.derby.impl.jdbc.EmbedConnection.newSQLException(EmbedConnection.java:3215)
	at org.apache.derby.impl.jdbc.EmbedConnection.handleDBNotFound(EmbedConnection.java:772)
	at org.apache.derby.impl.jdbc.EmbedConnection.<init>(EmbedConnection.java:442)
	at org.apache.derby.iapi.jdbc.InternalDriver$1.run(InternalDriver.java:660)
	at org.apache.derby.iapi.jdbc.InternalDriver$1.run(InternalDriver.java:656)
	at java.base/java.security.AccessController.doPrivileged(AccessController.java:554)
	at org.apache.derby.iapi.jdbc.InternalDriver.getNewEmbedConnection(InternalDriver.java:654)
	at org.apache.derby.iapi.jdbc.InternalDriver.connect(InternalDriver.java:300)
	at org.apache.derby.iapi.jdbc.InternalDriver.connect(InternalDriver.java:967)
	at org.apache.derby.iapi.jdbc.AutoloadedDriver.connect(AutoloadedDriver.java:136)
	at java.sql/java.sql.DriverManager.getConnection(DriverManager.java:677)
	at java.sql/java.sql.DriverManager.getConnection(DriverManager.java:251)
	at MiniDBTools.schliessenDB(MiniDBTools.java:51)
	at BearbeitenEintrag$FensterListener.windowClosing(BearbeitenEintrag.java:85)
	at java.desktop/java.awt.AWTEventMulticaster.windowClosing(AWTEventMulticaster.java:357)
	at java.desktop/java.awt.AWTEventMulticaster.windowClosing(AWTEventMulticaster.java:357)
	at java.desktop/java.awt.Window.processWindowEvent(Window.java:2079)
	at java.desktop/javax.swing.JDialog.processWindowEvent(JDialog.java:686)
	at java.desktop/java.awt.Window.processEvent(Window.java:2038)
	at java.desktop/java.awt.Component.dispatchEventImpl(Component.java:4993)
	at java.desktop/java.awt.Container.dispatchEventImpl(Container.java:2322)
	at java.desktop/java.awt.Window.dispatchEventImpl(Window.java:2773)
	at java.desktop/java.awt.Component.dispatchEvent(Component.java:4825)
	at java.desktop/java.awt.EventQueue.dispatchEventImpl(EventQueue.java:772)
	at java.desktop/java.awt.EventQueue$4.run(EventQueue.java:721)
	at java.desktop/java.awt.EventQueue$4.run(EventQueue.java:715)
	at java.base/java.security.AccessController.doPrivileged(AccessController.java:391)
	at java.base/java.security.ProtectionDomain$JavaSecurityAccessImpl.doIntersectionPrivilege(ProtectionDomain.java:85)
	at java.base/java.security.ProtectionDomain$JavaSecurityAccessImpl.doIntersectionPrivilege(ProtectionDomain.java:95)
	at java.desktop/java.awt.EventQueue$5.run(EventQueue.java:745)
	at java.desktop/java.awt.EventQueue$5.run(EventQueue.java:743)
	at java.base/java.security.AccessController.doPrivileged(AccessController.java:391)
	at java.base/java.security.ProtectionDomain$JavaSecurityAccessImpl.doIntersectionPrivilege(ProtectionDomain.java:85)
	at java.desktop/java.awt.EventQueue.dispatchEvent(EventQueue.java:742)
	at java.desktop/java.awt.EventDispatchThread.pumpOneEventForFilters(EventDispatchThread.java:203)
	at java.desktop/java.awt.EventDispatchThread.pumpEventsForFilter(EventDispatchThread.java:124)
	at java.desktop/java.awt.EventDispatchThread.pumpEventsForFilter(EventDispatchThread.java:117)
	at java.desktop/java.awt.WaitDispatchSupport$2.run(WaitDispatchSupport.java:190)
	at java.desktop/java.awt.WaitDispatchSupport$4.run(WaitDispatchSupport.java:235)
	at java.desktop/java.awt.WaitDispatchSupport$4.run(WaitDispatchSupport.java:233)
	at java.base/java.security.AccessController.doPrivileged(AccessController.java:312)
	at java.desktop/java.awt.WaitDispatchSupport.enter(WaitDispatchSupport.java:233)
	at java.desktop/java.awt.Dialog.show(Dialog.java:1079)
	at java.desktop/java.awt.Component.show(Component.java:1720)
	at java.desktop/java.awt.Component.setVisible(Component.java:1667)
	at java.desktop/java.awt.Window.setVisible(Window.java:1032)
	at java.desktop/java.awt.Dialog.setVisible(Dialog.java:1014)
	at BearbeitenEintrag.<init>(BearbeitenEintrag.java:153)
	at MiniDBStart.anzeigeEinzel(MiniDBStart.java:76)
	at MiniDBStart$MeinListener.actionPerformed(MiniDBStart.java:25)
	at java.desktop/javax.swing.AbstractButton.fireActionPerformed(AbstractButton.java:1972)
	at java.desktop/javax.swing.AbstractButton$Handler.actionPerformed(AbstractButton.java:2313)
	at java.desktop/javax.swing.DefaultButtonModel.fireActionPerformed(DefaultButtonModel.java:405)
	at java.desktop/javax.swing.DefaultButtonModel.setPressed(DefaultButtonModel.java:262)
	at java.desktop/javax.swing.plaf.basic.BasicButtonListener.mouseReleased(BasicButtonListener.java:279)
	at java.desktop/java.awt.Component.processMouseEvent(Component.java:6617)
	at java.desktop/javax.swing.JComponent.processMouseEvent(JComponent.java:3342)
	at java.desktop/java.awt.Component.processEvent(Component.java:6382)
	at java.desktop/java.awt.Container.processEvent(Container.java:2264)
	at java.desktop/java.awt.Component.dispatchEventImpl(Component.java:4993)
	at java.desktop/java.awt.Container.dispatchEventImpl(Container.java:2322)
	at java.desktop/java.awt.Component.dispatchEvent(Component.java:4825)
	at java.desktop/java.awt.LightweightDispatcher.retargetMouseEvent(Container.java:4934)
	at java.desktop/java.awt.LightweightDispatcher.processMouseEvent(Container.java:4563)
	at java.desktop/java.awt.LightweightDispatcher.dispatchEvent(Container.java:4504)
	at java.desktop/java.awt.Container.dispatchEventImpl(Container.java:2308)
	at java.desktop/java.awt.Window.dispatchEventImpl(Window.java:2773)
	at java.desktop/java.awt.Component.dispatchEvent(Component.java:4825)
	at java.desktop/java.awt.EventQueue.dispatchEventImpl(EventQueue.java:772)
	at java.desktop/java.awt.EventQueue$4.run(EventQueue.java:721)
	at java.desktop/java.awt.EventQueue$4.run(EventQueue.java:715)
	at java.base/java.security.AccessController.doPrivileged(AccessController.java:391)
	at java.base/java.security.ProtectionDomain$JavaSecurityAccessImpl.doIntersectionPrivilege(ProtectionDomain.java:85)
	at java.base/java.security.ProtectionDomain$JavaSecurityAccessImpl.doIntersectionPrivilege(ProtectionDomain.java:95)
	at java.desktop/java.awt.EventQueue$5.run(EventQueue.java:745)
	at java.desktop/java.awt.EventQueue$5.run(EventQueue.java:743)
	at java.base/java.security.AccessController.doPrivileged(AccessController.java:391)
	at java.base/java.security.ProtectionDomain$JavaSecurityAccessImpl.doIntersectionPrivilege(ProtectionDomain.java:85)
	at java.desktop/java.awt.EventQueue.dispatchEvent(EventQueue.java:742)
	at java.desktop/java.awt.EventDispatchThread.pumpOneEventForFilters(EventDispatchThread.java:203)
	at java.desktop/java.awt.EventDispatchThread.pumpEventsForFilter(EventDispatchThread.java:124)
	at java.desktop/java.awt.EventDispatchThread.pumpEventsForHierarchy(EventDispatchThread.java:113)
	at java.desktop/java.awt.EventDispatchThread.pumpEvents(EventDispatchThread.java:109)
	at java.desktop/java.awt.EventDispatchThread.pumpEvents(EventDispatchThread.java:101)
	at java.desktop/java.awt.EventDispatchThread.run(EventDispatchThread.java:90)
============= end nested exception, level (1) ===========
Cleanup action completed
